ccopy_reg
_reconstructor
p1
(csklearn.model_selection._search
GridSearchCV
p2
c__builtin__
object
p3
NtRp4
(dp5
S'scoring'
p6
NsS'cv_results_'
p7
(dp8
S'std_train_score'
p9
cnumpy.core.multiarray
_reconstruct
p10
(cnumpy
ndarray
p11
(I0
tS'b'
tRp12
(I1
(L7L
tcnumpy
dtype
p13
(S'f8'
I0
I1
tRp14
(I3
S'<'
NNNI-1
I-1
I0
tbI00
S'XQ\xb5\xd0\xf7\xe3%?XQ\xb5\xd0\xf7\xe3%?~U\x9au\x93\x18\x82?\xc3}\xd3\xf7\xda\xf2q?\x15x\x86\xbe\xdf\x07s?\xa8\xb3\x82\xff\xcdLt?5AP4\x95Lj?'
tbsS'rank_test_score'
p15
g10
(g11
(I0
tS'b'
tRp16
(I1
(L7L
tg13
(S'i4'
I0
I1
tRp17
(I3
S'<'
NNNI-1
I-1
I0
tbI00
S'\x06\x00\x00\x00\x06\x00\x00\x00\x05\x00\x00\x00\x01\x00\x00\x00\x02\x00\x00\x00\x03\x00\x00\x00\x04\x00\x00\x00'
tbsS'mean_score_time'
p18
g10
(g11
(I0
tS'b'
tRp19
(I1
(L7L
tg14
I00
S'\x00\x00\x00\x00Pb\x90?UUUUUN[?\xab\xaa\xaa\xaa\xaa\xd8U?\x00\x00\x00\x00\xe05\x87?\xab\xaa\xaa\xaaj\xd8u?\x00\x00\x00\x00\x00\x00\x00\x00\x00\x00\x00\x00\x00\x00\x00\x00'
tbsS'std_test_score'
p20
g10
(g11
(I0
tS'b'
tRp21
(I1
(L7L
tg14
I00
S'\xe5BH\x15\x80\xe75?\xe5BH\x15\x80\xe75?E\xaeu\x9dV\x7fV?\xa8\x94\x9a\xb4\x14m\x8d?\x8f\xcdR\x18\xa0\xd3\x89?\xb2z_o\xd6?\x8e?\xf5N\xfc\x94\xacJ\x8d?'
tbsS'split1_train_score'
p22
g10
(g11
(I0
tS'b'
tRp23
(I1
(L7L
tg14
I00
S'#n\xb9\x04P\x9b\xe6?#n\xb9\x04P\x9b\xe6?\xab_\x14\xc9}2\xe7?\xdc\xbd\x9f\x81cE\xe7?777777\xe7?\x92\xb0\xce\xec\n)\xe7?\xd5z \xc6k\x11\xe7?'
tbsS'split0_test_score'
p24
g10
(g11
(I0
tS'b'
tRp25
(I1
(L7L
tg14
I00
S'ue\xba2]\x99\xe6?ue\xba2]\x99\xe6?ue\xba2]\x99\xe6?z\xc1\xbc`^0\xe7?\xb9\x9b\xdcM\xee&\xe7?z\xc1\xbc`^0\xe7?\xb8\x04\\\x02.\x01\xe7?'
tbsS'mean_test_score'
p26
g10
(g11
(I0
tS'b'
tRp27
(I1
(L7L
tg14
I00
S'I&\x03\xe0\xbc\x99\xe6?I&\x03\xe0\xbc\x99\xe6?b\xd5H\xbc/\xa3\xe6?>\xfd\xbbz9\xf8\xe6?&Nv\x9e\xc6\xee\xe6?s\xbe\tU\xa0\xeb\xe6?\xa8\x7fW/\x07\xdf\xe6?'
tbsS'split2_train_score'
p28
g10
(g11
(I0
tS'b'
tRp29
(I1
(L7L
tg14
I00
S'\x12e\x15\x19\xfa\x97\xe6?\x12e\x15\x19\xfa\x97\xe6?\x12e\x15\x19\xfa\x97\xe6?\xf9=\xc4\xc2h\xf6\xe6?\xa3\xd0\xb6\x8f>\xe8\xe6?Mc\xa9\\\x14\xda\xe6?\xa3\xd0\xb6\x8f>\xe8\xe6?'
tbsS'param_C'
p30
cnumpy.ma.core
_mareconstruct
p31
(csklearn.utils.fixes
MaskedArray
p32
g11
(I0
tp33
S'b'
tRp34
(I1
(L7L
tg13
(S'O8'
I0
I1
tRp35
(I3
S'|'
NNNI-1
I-1
I63
tbI00
(lp36
F0.001
aF0.01
aF0.10000000000000001
aI1
aI10
aI100
aI1000
aS'\x00\x00\x00\x00\x00\x00\x00'
NtbsS'split0_train_score'
p37
g10
(g11
(I0
tS'b'
tRp38
(I1
(L7L
tg14
I00
S">\xc6\xda\xcb\xec\x99\xe6?>\xc6\xda\xcb\xec\x99\xe6?>\xc6\xda\xcb\xec\x99\xe6?\t\x01\xa5G_?\xe7?\x87\xbd\xd9&\xa5:\xe7?\x04z\x0e\x06\xeb5\xe7?~\xaf\xac\xa3\xbc'\xe7?"
tbsS'params'
p39
((dp40
S'C'
F0.001
s(dp41
S'C'
F0.01
s(dp42
S'C'
F0.10000000000000001
s(dp43
S'C'
I1
s(dp44
S'C'
I10
s(dp45
S'C'
I100
s(dp46
S'C'
I1000
stp47
sS'std_fit_time'
p48
g10
(g11
(I0
tS'b'
tRp49
(I1
(L7L
tg14
I00
S'"\xc3>\x0c\x8e\x1e\x8f?y\xf5\x12\xfdq\x7fp?\n\xbf"\x17\xednT?\xdb\x1eU\x96\x9a\xf6|?\x1b\xe4\x06\xfa\x9e\xf9}?\xf8\x9eY\xd1\xdeRi?\x16\x17\xcb\xbcb\xc1z?'
tbsS'std_score_time'
p50
g10
(g11
(I0
tS'b'
tRp51
(I1
(L7L
tg14
I00
S'\n\xa7\r\x9cH\xc1\x8a?\x94\xec\x90\x7f\xe9Nc?\x1c\xa4\xdd\x9c9\xe5^?\xcf\xd5k%K\x7f\x80?\x1e\nd\x1a\xdf\xe4~?\x00\x00\x00\x00\x00\x00\x00\x00\x00\x00\x00\x00\x00\x00\x00\x00'
tbsS'split2_test_score'
p52
g10
(g11
(I0
tS'b'
tRp53
(I1
(L7L
tg14
I00
S',\x96\xa2\xfdC\x9d\xe6?,\x96\xa2\xfdC\x9d\xe6?,\x96\xa2\xfdC\x9d\xe6?\xc1\x89G\xb7\xeac\xe7?\x87\x8bT\xc1\x89G\xe7?\xf0\x8a\xa5h\xffP\xe7?Y\x8a\xf6\x0fuZ\xe7?'
tbsS'mean_train_score'
p54
g10
(g11
(I0
tS'b'
tRp55
(I1
(L7L
tg14
I00
S'\xd0\xdd\x8d\xf8\xbc\x99\xe6?\xd0\xdd\x8d\xf8\xbc\x99\xe6?\xfd\xd8V\x8f!\xcc\xe6?\xf4\xfe\x02\x84\x0e)\xe7?\xcbA\xed\xf9\x08\x1e\xe7?\xa1\x84\xd7o\x03\x13\xe7?S\xfe+S"\x0b\xe7?'
tbsS'mean_fit_time'
p56
g10
(g11
(I0
tS'b'
tRp57
(I1
(L7L
tg14
I00
S'UUUU\xd5\xbf\x91?UUUU\xa5)\x95?\xab\xaa\xaa\xaa\xaa\xb9\x90?\xab\xaa\xaa\xaa\xeazt?\x00\x00\x00\x00\xa0)\x85?UUUU5\x17\x92?\x00\x00\x00\x00P\x8d\x97?'
tbsS'split1_test_score'
p58
g10
(g11
(I0
tS'b'
tRp59
(I1
(L7L
tg14
I00
S'\x97\x96\x96\x96\x96\x96\xe6?\x97\x96\x96\x96\x96\x96\xe6?\xe0\xa3g+\xef\xb2\xe6?\xeb\xcc\xae\x90rT\xe6?\x04|\xf4l\xe5]\xe6?\xban#\xd8\x8cA\xe6?\xban#\xd8\x8cA\xe6?'
tbssS'n_jobs'
p60
I1
sS'verbose'
p61
I0
sS'iid'
p62
I01
sS'fit_params'
p63
(dp64
sS'param_grid'
p65
(dp66
S'C'
(lp67
F0.001
aF0.01
aF0.10000000000000001
aI1
aI10
aI100
aI1000
assS'refit'
p68
I01
sS'cv'
p69
NsS'return_train_score'
p70
I01
sS'scorer_'
p71
csklearn.metrics.scorer
_passthrough_scorer
p72
sS'estimator'
p73
g1
(csklearn.linear_model.logistic
LogisticRegression
p74
g3
NtRp75
(dp76
S'warm_start'
p77
I00
sS'C'
F1
sg60
I1
sS'class_weight'
p78
Nsg61
I0
sS'fit_intercept'
p79
I01
sS'max_iter'
p80
I100
sS'penalty'
p81
S'l2'
p82
sS'multi_class'
p83
S'ovr'
p84
sS'random_state'
p85
NsS'_sklearn_version'
p86
S'0.18.1'
p87
sS'dual'
p88
I00
sS'tol'
p89
F0.0001
sS'solver'
p90
S'liblinear'
p91
sS'intercept_scaling'
p92
I1
sbsg86
g87
sS'best_estimator_'
p93
g1
(g74
g3
NtRp94
(dp95
g77
I00
sS'C'
I1
sS'classes_'
p96
g10
(g11
(I0
tS'b'
tRp97
(I1
(L2L
tg17
I00
S'\x00\x00\x00\x00\x01\x00\x00\x00'
tbsg60
I1
sg61
I0
sg79
I01
sg80
I100
sS'n_iter_'
p98
g10
(g11
(I0
tS'b'
tRp99
(I1
(L1L
tg13
(S'i4'
I0
I1
tRp100
(I3
S'<'
NNNI-1
I-1
I0
tbI00
S'\x06\x00\x00\x00'
tbsS'intercept_'
p101
g10
(g11
(I0
tS'b'
tRp102
(I1
(L1L
tg14
I00
S'\xf3C\xcc\xf8\xb5\xb5\xff\xbf'
tbsg81
g82
sg83
g84
sg85
Nsg86
g87
sg78
Nsg88
I00
sg89
F0.0001
sS'coef_'
p103
g10
(g11
(I0
tS'b'
tRp104
(I1
(L1L
L17L
tg14
I01
S'\xfdNq\x99Z\x0c\xd3?\xde\x13\xdb\xe0\xf2\xd9\xe8?\x81\xfa\xa9TM\x85\xb7\xbf\xe4\x95\xbc\x02|\xea\xde?\xcd\xf5[\x1c|/\xed?\xf3\x9b=\x95t\x0c\xc6\xbf{ u{\xaf\xb5\xc8?>0\x92\x84\xd1\xb6h\xbf\x0c\xc9\xa4\xf6\x1c\xa7\x9d\xbf+\xca=\x1f\xb4>\x96?\x82\x1d3Kb\x1e\x9e?ocn\xf2\xcbb\x8b?zm\x01>_\xa3\xbd\xbf.\x8e\xa9bfd\xb3?\\B\xd3\xc6\xf7:\xa9\xbf\xfc\xa2\xa9y\x1b\xe3\xd2?1V\xf4\x9bY:\xb6?'
tbsg90
g91
sg92
I1
sbsS'error_score'
p105
S'raise'
p106
sS'pre_dispatch'
p107
S'2*n_jobs'
p108
sS'n_splits_'
p109
I3
sS'best_index_'
p110
cnumpy.core.multiarray
scalar
p111
(g13
(S'i8'
I0
I1
tRp112
(I3
S'<'
NNNI-1
I-1
I0
tbS'\x03\x00\x00\x00\x00\x00\x00\x00'
tRp113
sb.